[debug] [2026-05-27T19:49:14.190Z] ----------------------------------------------------------------------
[debug] [2026-05-27T19:49:14.196Z] Command:       /usr/local/bin/firebase /Users/jerryshi/.cache/firebase/tools/lib/node_modules/firebase-tools/lib/bin/firebase init functions
[debug] [2026-05-27T19:49:14.196Z] CLI Version:   14.3.1
[debug] [2026-05-27T19:49:14.196Z] Platform:      darwin
[debug] [2026-05-27T19:49:14.197Z] Node Version:  v20.18.2
[debug] [2026-05-27T19:49:14.198Z] Time:          Wed May 27 2026 14:49:14 GMT-0500 (Central Daylight Time)
[debug] [2026-05-27T19:49:14.198Z] ----------------------------------------------------------------------
[debug] 
[debug] [2026-05-27T19:49:14.202Z] >>> [apiv2][query] GET https://firebase-public.firebaseio.com/cli.json [none]
[debug] [2026-05-27T19:49:14.575Z] Object "" in "firebase.json" has unknown property: {"additionalProperty":"auth"}
[debug] [2026-05-27T19:49:14.585Z] > command requires scopes: ["email","openid","https://www.googleapis.com/auth/cloudplatformprojects.readonly","https://www.googleapis.com/auth/firebase","https://www.googleapis.com/auth/cloud-platform"]
[debug] [2026-05-27T19:49:14.586Z] > authorizing via signed-in user (jerryshi25@gmail.com)
[debug] [2026-05-27T19:49:14.589Z] Object "" in "firebase.json" has unknown property: {"additionalProperty":"auth"}
[info] 
     ######## #### ########  ######## ########     ###     ######  ########
     ##        ##  ##     ## ##       ##     ##  ##   ##  ##       ##
     ######    ##  ########  ######   ########  #########  ######  ######
     ##        ##  ##    ##  ##       ##     ## ##     ##       ## ##
     ##       #### ##     ## ######## ########  ##     ##  ######  ########

You're about to initialize a Firebase project in this directory:

  /Users/jerryshi/Documents/GitHub/wonni/wonni

Before we get started, keep in mind:

  * You are initializing within an existing Firebase project directory

[info] 
=== Project Setup
[info] 
[info] First, let's associate this project directory with a Firebase project.
[info] You can create multiple project aliases by running firebase use --add, 
[info] but for now we'll just set up a default project.
[info] 
[debug] [2026-05-27T19:49:14.595Z] Using project from CLI flag: wonni-app
[debug] [2026-05-27T19:49:14.596Z] Checked if tokens are valid: false, expires at: 1779895015477
[debug] [2026-05-27T19:49:14.596Z] Checked if tokens are valid: false, expires at: 1779895015477
[debug] [2026-05-27T19:49:14.597Z] > refreshing access token with scopes: []
[debug] [2026-05-27T19:49:14.598Z] >>> [apiv2][query] POST https://www.googleapis.com/oauth2/v3/token [none]
[debug] [2026-05-27T19:49:14.598Z] >>> [apiv2][body] POST https://www.googleapis.com/oauth2/v3/token [omitted]
[debug] [2026-05-27T19:49:14.787Z] <<< [apiv2][status] GET https://firebase-public.firebaseio.com/cli.json 200
[debug] [2026-05-27T19:49:14.788Z] <<< [apiv2][body] GET https://firebase-public.firebaseio.com/cli.json {"cloudBuildErrorAfter":1594252800000,"cloudBuildWarnAfter":1590019200000,"defaultNode10After":1594252800000,"minVersion":"3.0.5","node8DeploysDisabledAfter":1613390400000,"node8RuntimeDisabledAfter":1615809600000,"node8WarnAfter":1600128000000}
[debug] [2026-05-27T19:49:14.838Z] <<< [apiv2][status] POST https://www.googleapis.com/oauth2/v3/token 200
[debug] [2026-05-27T19:49:14.838Z] <<< [apiv2][body] POST https://www.googleapis.com/oauth2/v3/token [omitted]
[debug] [2026-05-27T19:49:14.852Z] >>> [apiv2][query] GET https://firebase.googleapis.com/v1beta1/projects/wonni-app [none]
[debug] [2026-05-27T19:49:15.120Z] <<< [apiv2][status] GET https://firebase.googleapis.com/v1beta1/projects/wonni-app 200
[debug] [2026-05-27T19:49:15.120Z] <<< [apiv2][body] GET https://firebase.googleapis.com/v1beta1/projects/wonni-app {"projectId":"wonni-app","projectNumber":"840012373819","displayName":"Wonni","name":"projects/wonni-app","resources":{"hostingSite":"wonni-app"},"state":"ACTIVE","etag":"1_b22a06d3-1571-44b8-a71a-dfbc5c3a697d"}
[info] i  Using project wonni-app (Wonni) 
[info] 
=== Functions Setup
[debug] [2026-05-27T19:49:15.131Z] > command requires scopes: ["email","openid","https://www.googleapis.com/auth/cloudplatformprojects.readonly","https://www.googleapis.com/auth/firebase","https://www.googleapis.com/auth/cloud-platform"]
[debug] [2026-05-27T19:49:15.132Z] > authorizing via signed-in user (jerryshi25@gmail.com)
[debug] [2026-05-27T19:49:15.132Z] [iam] checking project wonni-app for permissions ["firebase.projects.get"]
[debug] [2026-05-27T19:49:15.133Z] Checked if tokens are valid: true, expires at: 1779914953839
[debug] [2026-05-27T19:49:15.133Z] Checked if tokens are valid: true, expires at: 1779914953839
[debug] [2026-05-27T19:49:15.133Z] >>> [apiv2][query] POST https://cloudresourcemanager.googleapis.com/v1/projects/wonni-app:testIamPermissions [none]
[debug] [2026-05-27T19:49:15.133Z] >>> [apiv2][(partial)header] POST https://cloudresourcemanager.googleapis.com/v1/projects/wonni-app:testIamPermissions x-goog-quota-user=projects/wonni-app
[debug] [2026-05-27T19:49:15.133Z] >>> [apiv2][body] POST https://cloudresourcemanager.googleapis.com/v1/projects/wonni-app:testIamPermissions {"permissions":["firebase.projects.get"]}
[debug] [2026-05-27T19:49:15.370Z] <<< [apiv2][status] POST https://cloudresourcemanager.googleapis.com/v1/projects/wonni-app:testIamPermissions 200
[debug] [2026-05-27T19:49:15.371Z] <<< [apiv2][body] POST https://cloudresourcemanager.googleapis.com/v1/projects/wonni-app:testIamPermissions {"permissions":["firebase.projects.get"]}
[debug] [2026-05-27T19:49:15.372Z] Checked if tokens are valid: true, expires at: 1779914953839
[debug] [2026-05-27T19:49:15.372Z] Checked if tokens are valid: true, expires at: 1779914953839
[debug] [2026-05-27T19:49:15.372Z] Checked if tokens are valid: true, expires at: 1779914953839
[debug] [2026-05-27T19:49:15.372Z] Checked if tokens are valid: true, expires at: 1779914953839
[debug] [2026-05-27T19:49:15.373Z] >>> [apiv2][query] GET https://serviceusage.googleapis.com/v1/projects/wonni-app/services/cloudfunctions.googleapis.com [none]
[debug] [2026-05-27T19:49:15.374Z] >>> [apiv2][(partial)header] GET https://serviceusage.googleapis.com/v1/projects/wonni-app/services/cloudfunctions.googleapis.com x-goog-quota-user=projects/wonni-app
[debug] [2026-05-27T19:49:15.376Z] >>> [apiv2][query] GET https://serviceusage.googleapis.com/v1/projects/wonni-app/services/runtimeconfig.googleapis.com [none]
[debug] [2026-05-27T19:49:15.377Z] >>> [apiv2][(partial)header] GET https://serviceusage.googleapis.com/v1/projects/wonni-app/services/runtimeconfig.googleapis.com x-goog-quota-user=projects/wonni-app
[debug] [2026-05-27T19:49:15.685Z] <<< [apiv2][status] GET https://serviceusage.googleapis.com/v1/projects/wonni-app/services/runtimeconfig.googleapis.com 200
[debug] [2026-05-27T19:49:15.685Z] <<< [apiv2][body] GET https://serviceusage.googleapis.com/v1/projects/wonni-app/services/runtimeconfig.googleapis.com [omitted]
[debug] [2026-05-27T19:49:15.689Z] <<< [apiv2][status] GET https://serviceusage.googleapis.com/v1/projects/wonni-app/services/cloudfunctions.googleapis.com 200
[debug] [2026-05-27T19:49:15.690Z] <<< [apiv2][body] GET https://serviceusage.googleapis.com/v1/projects/wonni-app/services/cloudfunctions.googleapis.com [omitted]
[info] 
Detected existing codebase(s): default

